<?xml version="1.0" encoding="UTF-8"?>
<testng-results ignored="0" total="1" passed="1" failed="0" skipped="0">
  <reporter-output>
    <line>
      <![CDATA[Browser is launched]]>
    </line>
    <line>
      <![CDATA[Browser is maximized]]>
    </line>
    <line>
      <![CDATA[Opened Apple web page]]>
    </line>
    <line>
      <![CDATA[closed the browser]]>
    </line>
  </reporter-output>
  <suite started-at="2023-10-03T22:20:13 IST" name="Default suite" finished-at="2023-10-03T22:20:17 IST" duration-ms="3990">
    <groups>
      <group name="Mobiles">
        <method signature="TC_Apple_003.openingApple()[pri:0, instance:testScripts.TC_Apple_003@dd0c991]" name="openingApple" class="testScripts.TC_Apple_003"/>
      </group> <!-- Mobiles -->
    </groups>
    <test started-at="2023-10-03T22:20:13 IST" name="Default test" finished-at="2023-10-03T22:20:17 IST" duration-ms="3990">
      <class name="testScripts.TC_Apple_003">
        <test-method signature="openingApple()[pri:0, instance:testScripts.TC_Apple_003@dd0c991]" started-at="2023-10-03T22:20:13 IST" name="openingApple" finished-at="2023-10-03T22:20:17 IST" duration-ms="3965" status="PASS">
          <reporter-output>
            <line>
              <![CDATA[Browser is launched]]>
            </line>
            <line>
              <![CDATA[Browser is maximized]]>
            </line>
            <line>
              <![CDATA[Opened Apple web page]]>
            </line>
            <line>
              <![CDATA[closed the browser]]>
            </line>
          </reporter-output>
        </test-method> <!-- openingApple -->
      </class> <!-- testScripts.TC_Apple_003 -->
    </test> <!-- Default test -->
  </suite> <!-- Default suite -->
</testng-results>
